<?xml version="1.0" encoding="utf-8"?><testsuites name="pytest tests"><testsuite name="pytest" errors="0" failures="0" skipped="0" tests="20" time="3.866" timestamp="2026-01-30T05:41:44.656926+00:00" hostname="agent-env-42846360-c758-4ae1-ab63-efe4210fab80"><testcase classname="tests.test_newmeclass_api.TestQuestionsAPI" name="test_get_all_questions" time="0.087" /><testcase classname="tests.test_newmeclass_api.TestQuestionsAPI" name="test_questions_have_free_and_paid" time="0.040" /><testcase classname="tests.test_newmeclass_api.TestQuestionsAPI" name="test_questions_have_required_fields" time="0.047" /><testcase classname="tests.test_newmeclass_api.TestQuestionsAPI" name="test_filter_free_questions" time="0.038" /><testcase classname="tests.test_newmeclass_api.TestQuestionsAPI" name="test_filter_paid_questions" time="0.037" /><testcase classname="tests.test_newmeclass_api.TestAuthAPI" name="test_login_success" time="0.269" /><testcase classname="tests.test_newmeclass_api.TestAuthAPI" name="test_login_invalid_credentials" time="0.042" /><testcase classname="tests.test_newmeclass_api.TestAuthAPI" name="test_get_profile_with_token" time="0.300" /><testcase classname="tests.test_newmeclass_api.TestAuthAPI" name="test_get_profile_without_token" time="0.037" /><testcase classname="tests.test_newmeclass_api.TestTestResultsAPI" name="test_save_test_result" time="0.365" /><testcase classname="tests.test_newmeclass_api.TestTestResultsAPI" name="test_get_test_result_by_id" time="0.417" /><testcase classname="tests.test_newmeclass_api.TestTestResultsAPI" name="test_get_user_test_results" time="0.297" /><testcase classname="tests.test_newmeclass_api.TestWalletAPI" name="test_get_wallet_balance" time="0.311" /><testcase classname="tests.test_newmeclass_api.TestWalletAPI" name="test_get_wallet_transactions" time="0.304" /><testcase classname="tests.test_newmeclass_api.TestWalletAPI" name="test_demo_topup" time="0.364" /><testcase classname="tests.test_newmeclass_api.TestWalletAPI" name="test_demo_topup_minimum_amount" time="0.297" /><testcase classname="tests.test_newmeclass_api.TestHomepageAPI" name="test_health_check" time="0.038" /><testcase classname="tests.test_newmeclass_api.TestHomepageAPI" name="test_banners_endpoint" time="0.034" /><testcase classname="tests.test_newmeclass_api.TestHomepageAPI" name="test_products_endpoint" time="0.037" /><testcase classname="tests.test_newmeclass_api.TestUserPaymentsAPI" name="test_get_payment_status" time="0.299" /></testsuite></testsuites>